<?xml version="1.0" encoding="UTF-8"?>
<!-- Generated by org.testng.reporters.JUnitXMLReporter -->
<testsuite ignored="0" hostname="Mickey" failures="0" tests="4" name="Default test" time="82.141" errors="0" timestamp="2026-04-18T20:14:27 IST">
  <testcase classname="com.srm.hackathon.demoblaze.tests.CartTest" name="verifyAddSingleProduct" time="12.728"/>
  <testcase classname="com.srm.hackathon.demoblaze.tests.CartTest" name="verifyAddTwoProducts" time="19.712"/>
  <testcase classname="com.srm.hackathon.demoblaze.tests.CartTest" name="verifyDeleteProduct" time="14.629"/>
  <testcase classname="com.srm.hackathon.demoblaze.tests.CartTest" name="verifyTotalAfterDeletion" time="17.886"/>
</testsuite> <!-- Default test -->
