<?xml version="1.0" encoding="UTF-8"?>
<!-- Generated by org.testng.reporters.JUnitXMLReporter -->
<testsuite ignored="0" hostname="Mickey" failures="0" tests="3" name="Default test" time="15.407" errors="0" timestamp="2026-04-18T20:56:23 IST">
  <testcase classname="com.srm.hackathon.demoblaze.tests.FormValidationTest" name="verifySignupWithExistingUser" time="2.11"/>
  <testcase classname="com.srm.hackathon.demoblaze.tests.FormValidationTest" name="verifyLoginWithEmptyUsername" time="1.117"/>
  <testcase classname="com.srm.hackathon.demoblaze.tests.FormValidationTest" name="verifyModalRetainsData" time="0.933"/>
</testsuite> <!-- Default test -->
