<?xml version="1.0" encoding="UTF-8"?>
<!-- Generated by org.testng.reporters.JUnitXMLReporter -->
<testsuite ignored="0" hostname="Mickey" failures="0" tests="4" name="Auth Tests" time="15.547" errors="0" timestamp="2026-04-18T14:45:33 IST">
  <testcase classname="com.srm.hackathon.demoblaze.tests.AuthTest" name="verifyUserRegistration" time="2.991"/>
  <testcase classname="com.srm.hackathon.demoblaze.tests.AuthTest" name="verifyLoginFailure" time="3.532"/>
  <testcase classname="com.srm.hackathon.demoblaze.tests.AuthTest" name="verifySuccessfulLogin" time="4.605"/>
  <testcase classname="com.srm.hackathon.demoblaze.tests.AuthTest" name="verifyLogout" time="4.977"/>
</testsuite> <!-- Auth Tests -->
