<?xml version="1.0" encoding="UTF-8"?>
<!-- Generated by org.testng.reporters.JUnitXMLReporter -->
<testsuite ignored="0" hostname="Mickey" failures="0" tests="4" name="Auth Tests" time="25.752" errors="0" timestamp="2026-04-18T21:03:28 IST">
  <testcase classname="com.srm.hackathon.demoblaze.tests.AuthTest" name="verifyUserRegistration" time="3.535"/>
  <testcase classname="com.srm.hackathon.demoblaze.tests.AuthTest" name="verifySuccessfulLogin" time="3.846"/>
  <testcase classname="com.srm.hackathon.demoblaze.tests.AuthTest" name="verifyLoginFailure" time="2.002"/>
  <testcase classname="com.srm.hackathon.demoblaze.tests.AuthTest" name="verifyLogout" time="4.787"/>
</testsuite> <!-- Auth Tests -->
