<?xml version="1.0" encoding="UTF-8"?>
<!-- Generated by org.testng.reporters.JUnitXMLReporter -->
<testsuite ignored="0" hostname="Mickey" failures="0" tests="4" name="Cart Tests" time="71.334" errors="0" timestamp="2026-04-18T21:04:13 IST">
  <testcase classname="com.srm.hackathon.demoblaze.tests.CartTest" name="verifyAddSingleProduct" time="12.485"/>
  <testcase classname="com.srm.hackathon.demoblaze.tests.CartTest" name="verifyAddTwoProducts" time="16.108"/>
  <testcase classname="com.srm.hackathon.demoblaze.tests.CartTest" name="verifyDeleteProduct" time="12.463"/>
  <testcase classname="com.srm.hackathon.demoblaze.tests.CartTest" name="verifyTotalAfterDeletion" time="17.185"/>
</testsuite> <!-- Cart Tests -->
