<?xml version="1.0" encoding="UTF-8"?>
<!-- Generated by org.testng.reporters.JUnitXMLReporter -->
<testsuite ignored="0" hostname="Mickey" failures="0" tests="3" name="Form Validation Tests" time="12.765" errors="0" timestamp="2026-04-18T21:03:45 IST">
  <testcase classname="com.srm.hackathon.demoblaze.tests.FormValidationTest" name="verifySignupWithExistingUser" time="2.246"/>
  <testcase classname="com.srm.hackathon.demoblaze.tests.FormValidationTest" name="verifyLoginWithEmptyUsername" time="1.028"/>
  <testcase classname="com.srm.hackathon.demoblaze.tests.FormValidationTest" name="verifyModalRetainsData" time="1.135"/>
</testsuite> <!-- Form Validation Tests -->
