<?xml version="1.0" encoding="UTF-8"?>
<!-- Generated by org.testng.reporters.JUnitXMLReporter -->
<testsuite ignored="0" hostname="Mickey" failures="0" tests="3" name="Order Tests" time="47.162" errors="0" timestamp="2026-04-18T21:04:15 IST">
  <testcase classname="com.srm.hackathon.demoblaze.tests.OrderTest" name="verifyPlaceOrderSuccess" time="14.117"/>
  <testcase classname="com.srm.hackathon.demoblaze.tests.OrderTest" name="verifyOrderIdPresent" time="12.652"/>
  <testcase classname="com.srm.hackathon.demoblaze.tests.OrderTest" name="verifyEmptyFieldsValidation" time="12.184"/>
</testsuite> <!-- Order Tests -->
