<?xml version="1.0" encoding="UTF-8"?>
<!-- Generated by org.testng.reporters.JUnitXMLReporter -->
<testsuite ignored="0" hostname="Mickey" failures="0" tests="4" name="Product Tests" time="17.417" errors="0" timestamp="2026-04-18T15:15:44 IST">
  <testcase classname="com.srm.hackathon.demoblaze.tests.ProductTest" name="verifyPhonesCategory" time="3.991"/>
  <testcase classname="com.srm.hackathon.demoblaze.tests.ProductTest" name="verifyLaptopsCategory" time="3.916"/>
  <testcase classname="com.srm.hackathon.demoblaze.tests.ProductTest" name="verifyHomeReload" time="4.785"/>
  <testcase classname="com.srm.hackathon.demoblaze.tests.ProductTest" name="verifyProductDetails" time="5.37"/>
</testsuite> <!-- Product Tests -->
