<?xml version="1.0" encoding="UTF-8"?>
<!-- Generated by org.testng.reporters.JUnitXMLReporter -->
<testsuite ignored="0" hostname="Mickey" failures="0" tests="4" name="Product Tests" time="30.173" errors="0" timestamp="2026-04-18T21:03:32 IST">
  <testcase classname="com.srm.hackathon.demoblaze.tests.ProductTest" name="verifyHomeReload" time="5.439"/>
  <testcase classname="com.srm.hackathon.demoblaze.tests.ProductTest" name="verifyLaptopsCategory" time="3.442"/>
  <testcase classname="com.srm.hackathon.demoblaze.tests.ProductTest" name="verifyPhonesCategory" time="3.969"/>
  <testcase classname="com.srm.hackathon.demoblaze.tests.ProductTest" name="verifyProductDetails" time="5.427"/>
</testsuite> <!-- Product Tests -->
