<?xml version="1.0" encoding="UTF-8"?>
<testng-results ignored="0" total="18" passed="18" failed="0" skipped="0">
  <reporter-output>
  </reporter-output>
  <suite started-at="2026-04-18T21:03:02 IST" name="DemoBlaze Suite" finished-at="2026-04-18T21:04:15 IST" duration-ms="73267">
    <groups>
    </groups>
    <test started-at="2026-04-18T21:03:02 IST" name="Auth Tests" finished-at="2026-04-18T21:03:28 IST" duration-ms="25752">
      <class name="com.srm.hackathon.demoblaze.tests.AuthTest">
        <test-method is-config="true" signature="setUp()[pri:0, instance:com.srm.hackathon.demoblaze.tests.AuthTest@2d29b4ee]" started-at="2026-04-18T21:03:02 IST" name="setUp" finished-at="2026-04-18T21:03:06 IST" duration-ms="4136" status="PASS">
          <reporter-output>
          </reporter-output>
        </test-method> <!-- setUp -->
        <test-method signature="verifyUserRegistration()[pri:1, instance:com.srm.hackathon.demoblaze.tests.AuthTest@2d29b4ee]" started-at="2026-04-18T21:03:06 IST" name="verifyUserRegistration" description="Verify successful user registration" finished-at="2026-04-18T21:03:10 IST" duration-ms="3535" status="PASS">
          <reporter-output>
          </reporter-output>
        </test-method> <!-- verifyUserRegistration -->
        <test-method is-config="true" signature="tearDown()[pri:0, instance:com.srm.hackathon.demoblaze.tests.AuthTest@2d29b4ee]" started-at="2026-04-18T21:03:10 IST" name="tearDown" finished-at="2026-04-18T21:03:10 IST" duration-ms="203" status="PASS">
          <reporter-output>
          </reporter-output>
        </test-method> <!-- tearDown -->
        <test-method is-config="true" signature="setUp()[pri:0, instance:com.srm.hackathon.demoblaze.tests.AuthTest@2d29b4ee]" started-at="2026-04-18T21:03:10 IST" name="setUp" finished-at="2026-04-18T21:03:12 IST" duration-ms="2529" status="PASS">
          <reporter-output>
          </reporter-output>
        </test-method> <!-- setUp -->
        <test-method signature="verifySuccessfulLogin()[pri:2, instance:com.srm.hackathon.demoblaze.tests.AuthTest@2d29b4ee]" started-at="2026-04-18T21:03:12 IST" name="verifySuccessfulLogin" description="Verify successful login" finished-at="2026-04-18T21:03:16 IST" duration-ms="3846" status="PASS">
          <reporter-output>
          </reporter-output>
        </test-method> <!-- verifySuccessfulLogin -->
        <test-method is-config="true" signature="tearDown()[pri:0, instance:com.srm.hackathon.demoblaze.tests.AuthTest@2d29b4ee]" started-at="2026-04-18T21:03:16 IST" name="tearDown" finished-at="2026-04-18T21:03:16 IST" duration-ms="121" status="PASS">
          <reporter-output>
          </reporter-output>
        </test-method> <!-- tearDown -->
        <test-method is-config="true" signature="setUp()[pri:0, instance:com.srm.hackathon.demoblaze.tests.AuthTest@2d29b4ee]" started-at="2026-04-18T21:03:16 IST" name="setUp" finished-at="2026-04-18T21:03:19 IST" duration-ms="2472" status="PASS">
          <reporter-output>
          </reporter-output>
        </test-method> <!-- setUp -->
        <test-method signature="verifyLoginFailure()[pri:3, instance:com.srm.hackathon.demoblaze.tests.AuthTest@2d29b4ee]" started-at="2026-04-18T21:03:19 IST" name="verifyLoginFailure" description="Verify login failure with invalid credentials" finished-at="2026-04-18T21:03:21 IST" duration-ms="2002" status="PASS">
          <reporter-output>
          </reporter-output>
        </test-method> <!-- verifyLoginFailure -->
        <test-method is-config="true" signature="tearDown()[pri:0, instance:com.srm.hackathon.demoblaze.tests.AuthTest@2d29b4ee]" started-at="2026-04-18T21:03:21 IST" name="tearDown" finished-at="2026-04-18T21:03:21 IST" duration-ms="170" status="PASS">
          <reporter-output>
          </reporter-output>
        </test-method> <!-- tearDown -->
        <test-method is-config="true" signature="setUp()[pri:0, instance:com.srm.hackathon.demoblaze.tests.AuthTest@2d29b4ee]" started-at="2026-04-18T21:03:21 IST" name="setUp" finished-at="2026-04-18T21:03:23 IST" duration-ms="1675" status="PASS">
          <reporter-output>
          </reporter-output>
        </test-method> <!-- setUp -->
        <test-method signature="verifyLogout()[pri:4, instance:com.srm.hackathon.demoblaze.tests.AuthTest@2d29b4ee]" started-at="2026-04-18T21:03:23 IST" name="verifyLogout" description="Verify logout functionality" finished-at="2026-04-18T21:03:28 IST" duration-ms="4787" status="PASS">
          <reporter-output>
          </reporter-output>
        </test-method> <!-- verifyLogout -->
        <test-method is-config="true" signature="tearDown()[pri:0, instance:com.srm.hackathon.demoblaze.tests.AuthTest@2d29b4ee]" started-at="2026-04-18T21:03:28 IST" name="tearDown" finished-at="2026-04-18T21:03:28 IST" duration-ms="152" status="PASS">
          <reporter-output>
          </reporter-output>
        </test-method> <!-- tearDown -->
      </class> <!-- com.srm.hackathon.demoblaze.tests.AuthTest -->
    </test> <!-- Auth Tests -->
    <test started-at="2026-04-18T21:03:02 IST" name="Product Tests" finished-at="2026-04-18T21:03:32 IST" duration-ms="30173">
      <class name="com.srm.hackathon.demoblaze.tests.ProductTest">
        <test-method is-config="true" signature="setUp()[pri:0, instance:com.srm.hackathon.demoblaze.tests.ProductTest@1e13529a]" started-at="2026-04-18T21:03:02 IST" name="setUp" finished-at="2026-04-18T21:03:07 IST" duration-ms="5178" status="PASS">
          <reporter-output>
          </reporter-output>
        </test-method> <!-- setUp -->
        <test-method signature="verifyHomeReload()[pri:0, instance:com.srm.hackathon.demoblaze.tests.ProductTest@1e13529a]" started-at="2026-04-18T21:03:07 IST" name="verifyHomeReload" finished-at="2026-04-18T21:03:13 IST" duration-ms="5439" status="PASS">
          <reporter-output>
          </reporter-output>
        </test-method> <!-- verifyHomeReload -->
        <test-method is-config="true" signature="tearDown()[pri:0, instance:com.srm.hackathon.demoblaze.tests.ProductTest@1e13529a]" started-at="2026-04-18T21:03:13 IST" name="tearDown" finished-at="2026-04-18T21:03:13 IST" duration-ms="241" status="PASS">
          <reporter-output>
          </reporter-output>
        </test-method> <!-- tearDown -->
        <test-method is-config="true" signature="setUp()[pri:0, instance:com.srm.hackathon.demoblaze.tests.ProductTest@1e13529a]" started-at="2026-04-18T21:03:13 IST" name="setUp" finished-at="2026-04-18T21:03:15 IST" duration-ms="2265" status="PASS">
          <reporter-output>
          </reporter-output>
        </test-method> <!-- setUp -->
        <test-method signature="verifyLaptopsCategory()[pri:0, instance:com.srm.hackathon.demoblaze.tests.ProductTest@1e13529a]" started-at="2026-04-18T21:03:15 IST" name="verifyLaptopsCategory" finished-at="2026-04-18T21:03:19 IST" duration-ms="3442" status="PASS">
          <reporter-output>
          </reporter-output>
        </test-method> <!-- verifyLaptopsCategory -->
        <test-method is-config="true" signature="tearDown()[pri:0, instance:com.srm.hackathon.demoblaze.tests.ProductTest@1e13529a]" started-at="2026-04-18T21:03:19 IST" name="tearDown" finished-at="2026-04-18T21:03:19 IST" duration-ms="137" status="PASS">
          <reporter-output>
          </reporter-output>
        </test-method> <!-- tearDown -->
        <test-method is-config="true" signature="setUp()[pri:0, instance:com.srm.hackathon.demoblaze.tests.ProductTest@1e13529a]" started-at="2026-04-18T21:03:19 IST" name="setUp" finished-at="2026-04-18T21:03:21 IST" duration-ms="1854" status="PASS">
          <reporter-output>
          </reporter-output>
        </test-method> <!-- setUp -->
        <test-method signature="verifyPhonesCategory()[pri:0, instance:com.srm.hackathon.demoblaze.tests.ProductTest@1e13529a]" started-at="2026-04-18T21:03:21 IST" name="verifyPhonesCategory" finished-at="2026-04-18T21:03:25 IST" duration-ms="3969" status="PASS">
          <reporter-output>
          </reporter-output>
        </test-method> <!-- verifyPhonesCategory -->
        <test-method is-config="true" signature="tearDown()[pri:0, instance:com.srm.hackathon.demoblaze.tests.ProductTest@1e13529a]" started-at="2026-04-18T21:03:25 IST" name="tearDown" finished-at="2026-04-18T21:03:25 IST" duration-ms="194" status="PASS">
          <reporter-output>
          </reporter-output>
        </test-method> <!-- tearDown -->
        <test-method is-config="true" signature="setUp()[pri:0, instance:com.srm.hackathon.demoblaze.tests.ProductTest@1e13529a]" started-at="2026-04-18T21:03:25 IST" name="setUp" finished-at="2026-04-18T21:03:27 IST" duration-ms="1806" status="PASS">
          <reporter-output>
          </reporter-output>
        </test-method> <!-- setUp -->
        <test-method signature="verifyProductDetails()[pri:0, instance:com.srm.hackathon.demoblaze.tests.ProductTest@1e13529a]" started-at="2026-04-18T21:03:27 IST" name="verifyProductDetails" finished-at="2026-04-18T21:03:32 IST" duration-ms="5427" status="PASS">
          <reporter-output>
          </reporter-output>
        </test-method> <!-- verifyProductDetails -->
        <test-method is-config="true" signature="tearDown()[pri:0, instance:com.srm.hackathon.demoblaze.tests.ProductTest@1e13529a]" started-at="2026-04-18T21:03:32 IST" name="tearDown" finished-at="2026-04-18T21:03:32 IST" duration-ms="122" status="PASS">
          <reporter-output>
          </reporter-output>
        </test-method> <!-- tearDown -->
      </class> <!-- com.srm.hackathon.demoblaze.tests.ProductTest -->
    </test> <!-- Product Tests -->
    <test started-at="2026-04-18T21:03:32 IST" name="Form Validation Tests" finished-at="2026-04-18T21:03:45 IST" duration-ms="12765">
      <class name="com.srm.hackathon.demoblaze.tests.FormValidationTest">
        <test-method is-config="true" signature="setUp()[pri:0, instance:com.srm.hackathon.demoblaze.tests.FormValidationTest@102cec62]" started-at="2026-04-18T21:03:32 IST" name="setUp" finished-at="2026-04-18T21:03:36 IST" duration-ms="3778" status="PASS">
          <reporter-output>
          </reporter-output>
        </test-method> <!-- setUp -->
        <test-method signature="verifySignupWithExistingUser()[pri:1, instance:com.srm.hackathon.demoblaze.tests.FormValidationTest@102cec62]" started-at="2026-04-18T21:03:36 IST" name="verifySignupWithExistingUser" finished-at="2026-04-18T21:03:38 IST" duration-ms="2246" status="PASS">
          <reporter-output>
          </reporter-output>
        </test-method> <!-- verifySignupWithExistingUser -->
        <test-method is-config="true" signature="tearDown()[pri:0, instance:com.srm.hackathon.demoblaze.tests.FormValidationTest@102cec62]" started-at="2026-04-18T21:03:38 IST" name="tearDown" finished-at="2026-04-18T21:03:38 IST" duration-ms="155" status="PASS">
          <reporter-output>
          </reporter-output>
        </test-method> <!-- tearDown -->
        <test-method is-config="true" signature="setUp()[pri:0, instance:com.srm.hackathon.demoblaze.tests.FormValidationTest@102cec62]" started-at="2026-04-18T21:03:38 IST" name="setUp" finished-at="2026-04-18T21:03:40 IST" duration-ms="2047" status="PASS">
          <reporter-output>
          </reporter-output>
        </test-method> <!-- setUp -->
        <test-method signature="verifyLoginWithEmptyUsername()[pri:2, instance:com.srm.hackathon.demoblaze.tests.FormValidationTest@102cec62]" started-at="2026-04-18T21:03:40 IST" name="verifyLoginWithEmptyUsername" finished-at="2026-04-18T21:03:41 IST" duration-ms="1028" status="PASS">
          <reporter-output>
          </reporter-output>
        </test-method> <!-- verifyLoginWithEmptyUsername -->
        <test-method is-config="true" signature="tearDown()[pri:0, instance:com.srm.hackathon.demoblaze.tests.FormValidationTest@102cec62]" started-at="2026-04-18T21:03:41 IST" name="tearDown" finished-at="2026-04-18T21:03:42 IST" duration-ms="128" status="PASS">
          <reporter-output>
          </reporter-output>
        </test-method> <!-- tearDown -->
        <test-method is-config="true" signature="setUp()[pri:0, instance:com.srm.hackathon.demoblaze.tests.FormValidationTest@102cec62]" started-at="2026-04-18T21:03:42 IST" name="setUp" finished-at="2026-04-18T21:03:44 IST" duration-ms="2099" status="PASS">
          <reporter-output>
          </reporter-output>
        </test-method> <!-- setUp -->
        <test-method signature="verifyModalRetainsData()[pri:3, instance:com.srm.hackathon.demoblaze.tests.FormValidationTest@102cec62]" started-at="2026-04-18T21:03:44 IST" name="verifyModalRetainsData" finished-at="2026-04-18T21:03:45 IST" duration-ms="1135" status="PASS">
          <reporter-output>
          </reporter-output>
        </test-method> <!-- verifyModalRetainsData -->
        <test-method is-config="true" signature="tearDown()[pri:0, instance:com.srm.hackathon.demoblaze.tests.FormValidationTest@102cec62]" started-at="2026-04-18T21:03:45 IST" name="tearDown" finished-at="2026-04-18T21:03:45 IST" duration-ms="137" status="PASS">
          <reporter-output>
          </reporter-output>
        </test-method> <!-- tearDown -->
      </class> <!-- com.srm.hackathon.demoblaze.tests.FormValidationTest -->
    </test> <!-- Form Validation Tests -->
    <test started-at="2026-04-18T21:03:02 IST" name="Cart Tests" finished-at="2026-04-18T21:04:13 IST" duration-ms="71334">
      <class name="com.srm.hackathon.demoblaze.tests.CartTest">
        <test-method is-config="true" signature="setUp()[pri:0, instance:com.srm.hackathon.demoblaze.tests.CartTest@15f47664]" started-at="2026-04-18T21:03:02 IST" name="setUp" finished-at="2026-04-18T21:03:07 IST" duration-ms="5151" status="PASS">
          <reporter-output>
          </reporter-output>
        </test-method> <!-- setUp -->
        <test-method signature="verifyAddSingleProduct()[pri:1, instance:com.srm.hackathon.demoblaze.tests.CartTest@15f47664]" started-at="2026-04-18T21:03:07 IST" name="verifyAddSingleProduct" finished-at="2026-04-18T21:03:20 IST" duration-ms="12485" status="PASS">
          <reporter-output>
          </reporter-output>
        </test-method> <!-- verifyAddSingleProduct -->
        <test-method is-config="true" signature="tearDown()[pri:0, instance:com.srm.hackathon.demoblaze.tests.CartTest@15f47664]" started-at="2026-04-18T21:03:20 IST" name="tearDown" finished-at="2026-04-18T21:03:20 IST" duration-ms="249" status="PASS">
          <reporter-output>
          </reporter-output>
        </test-method> <!-- tearDown -->
        <test-method is-config="true" signature="setUp()[pri:0, instance:com.srm.hackathon.demoblaze.tests.CartTest@15f47664]" started-at="2026-04-18T21:03:20 IST" name="setUp" finished-at="2026-04-18T21:03:22 IST" duration-ms="1924" status="PASS">
          <reporter-output>
          </reporter-output>
        </test-method> <!-- setUp -->
        <test-method signature="verifyAddTwoProducts()[pri:2, instance:com.srm.hackathon.demoblaze.tests.CartTest@15f47664]" started-at="2026-04-18T21:03:22 IST" name="verifyAddTwoProducts" finished-at="2026-04-18T21:03:38 IST" duration-ms="16108" status="PASS">
          <reporter-output>
          </reporter-output>
        </test-method> <!-- verifyAddTwoProducts -->
        <test-method is-config="true" signature="tearDown()[pri:0, instance:com.srm.hackathon.demoblaze.tests.CartTest@15f47664]" started-at="2026-04-18T21:03:38 IST" name="tearDown" finished-at="2026-04-18T21:03:38 IST" duration-ms="160" status="PASS">
          <reporter-output>
          </reporter-output>
        </test-method> <!-- tearDown -->
        <test-method is-config="true" signature="setUp()[pri:0, instance:com.srm.hackathon.demoblaze.tests.CartTest@15f47664]" started-at="2026-04-18T21:03:38 IST" name="setUp" finished-at="2026-04-18T21:03:41 IST" duration-ms="3266" status="PASS">
          <reporter-output>
          </reporter-output>
        </test-method> <!-- setUp -->
        <test-method signature="verifyDeleteProduct()[pri:3, instance:com.srm.hackathon.demoblaze.tests.CartTest@15f47664]" started-at="2026-04-18T21:03:41 IST" name="verifyDeleteProduct" finished-at="2026-04-18T21:03:54 IST" duration-ms="12463" status="PASS">
          <reporter-output>
          </reporter-output>
        </test-method> <!-- verifyDeleteProduct -->
        <test-method is-config="true" signature="tearDown()[pri:0, instance:com.srm.hackathon.demoblaze.tests.CartTest@15f47664]" started-at="2026-04-18T21:03:54 IST" name="tearDown" finished-at="2026-04-18T21:03:54 IST" duration-ms="180" status="PASS">
          <reporter-output>
          </reporter-output>
        </test-method> <!-- tearDown -->
        <test-method is-config="true" signature="setUp()[pri:0, instance:com.srm.hackathon.demoblaze.tests.CartTest@15f47664]" started-at="2026-04-18T21:03:54 IST" name="setUp" finished-at="2026-04-18T21:03:56 IST" duration-ms="1913" status="PASS">
          <reporter-output>
          </reporter-output>
        </test-method> <!-- setUp -->
        <test-method signature="verifyTotalAfterDeletion()[pri:4, instance:com.srm.hackathon.demoblaze.tests.CartTest@15f47664]" started-at="2026-04-18T21:03:56 IST" name="verifyTotalAfterDeletion" finished-at="2026-04-18T21:04:13 IST" duration-ms="17185" status="PASS">
          <reporter-output>
          </reporter-output>
        </test-method> <!-- verifyTotalAfterDeletion -->
        <test-method is-config="true" signature="tearDown()[pri:0, instance:com.srm.hackathon.demoblaze.tests.CartTest@15f47664]" started-at="2026-04-18T21:04:13 IST" name="tearDown" finished-at="2026-04-18T21:04:13 IST" duration-ms="147" status="PASS">
          <reporter-output>
          </reporter-output>
        </test-method> <!-- tearDown -->
      </class> <!-- com.srm.hackathon.demoblaze.tests.CartTest -->
    </test> <!-- Cart Tests -->
    <test started-at="2026-04-18T21:03:28 IST" name="Order Tests" finished-at="2026-04-18T21:04:15 IST" duration-ms="47162">
      <class name="com.srm.hackathon.demoblaze.tests.OrderTest">
        <test-method is-config="true" signature="setUp()[pri:0, instance:com.srm.hackathon.demoblaze.tests.OrderTest@75c56eb9]" started-at="2026-04-18T21:03:28 IST" name="setUp" finished-at="2026-04-18T21:03:30 IST" duration-ms="2389" status="PASS">
          <reporter-output>
          </reporter-output>
        </test-method> <!-- setUp -->
        <test-method signature="verifyPlaceOrderSuccess()[pri:1, instance:com.srm.hackathon.demoblaze.tests.OrderTest@75c56eb9]" started-at="2026-04-18T21:03:30 IST" name="verifyPlaceOrderSuccess" finished-at="2026-04-18T21:03:45 IST" duration-ms="14117" status="PASS">
          <reporter-output>
          </reporter-output>
        </test-method> <!-- verifyPlaceOrderSuccess -->
        <test-method is-config="true" signature="tearDown()[pri:0, instance:com.srm.hackathon.demoblaze.tests.OrderTest@75c56eb9]" started-at="2026-04-18T21:03:45 IST" name="tearDown" finished-at="2026-04-18T21:03:46 IST" duration-ms="1753" status="PASS">
          <reporter-output>
          </reporter-output>
        </test-method> <!-- tearDown -->
        <test-method is-config="true" signature="setUp()[pri:0, instance:com.srm.hackathon.demoblaze.tests.OrderTest@75c56eb9]" started-at="2026-04-18T21:03:46 IST" name="setUp" finished-at="2026-04-18T21:03:48 IST" duration-ms="1770" status="PASS">
          <reporter-output>
          </reporter-output>
        </test-method> <!-- setUp -->
        <test-method signature="verifyOrderIdPresent()[pri:2, instance:com.srm.hackathon.demoblaze.tests.OrderTest@75c56eb9]" started-at="2026-04-18T21:03:48 IST" name="verifyOrderIdPresent" finished-at="2026-04-18T21:04:01 IST" duration-ms="12652" status="PASS">
          <reporter-output>
          </reporter-output>
        </test-method> <!-- verifyOrderIdPresent -->
        <test-method is-config="true" signature="tearDown()[pri:0, instance:com.srm.hackathon.demoblaze.tests.OrderTest@75c56eb9]" started-at="2026-04-18T21:04:01 IST" name="tearDown" finished-at="2026-04-18T21:04:01 IST" duration-ms="157" status="PASS">
          <reporter-output>
          </reporter-output>
        </test-method> <!-- tearDown -->
        <test-method is-config="true" signature="setUp()[pri:0, instance:com.srm.hackathon.demoblaze.tests.OrderTest@75c56eb9]" started-at="2026-04-18T21:04:01 IST" name="setUp" finished-at="2026-04-18T21:04:03 IST" duration-ms="1899" status="PASS">
          <reporter-output>
          </reporter-output>
        </test-method> <!-- setUp -->
        <test-method signature="verifyEmptyFieldsValidation()[pri:3, instance:com.srm.hackathon.demoblaze.tests.OrderTest@75c56eb9]" started-at="2026-04-18T21:04:03 IST" name="verifyEmptyFieldsValidation" finished-at="2026-04-18T21:04:15 IST" duration-ms="12184" status="PASS">
          <reporter-output>
          </reporter-output>
        </test-method> <!-- verifyEmptyFieldsValidation -->
        <test-method is-config="true" signature="tearDown()[pri:0, instance:com.srm.hackathon.demoblaze.tests.OrderTest@75c56eb9]" started-at="2026-04-18T21:04:15 IST" name="tearDown" finished-at="2026-04-18T21:04:15 IST" duration-ms="233" status="PASS">
          <reporter-output>
          </reporter-output>
        </test-method> <!-- tearDown -->
      </class> <!-- com.srm.hackathon.demoblaze.tests.OrderTest -->
    </test> <!-- Order Tests -->
  </suite> <!-- DemoBlaze Suite -->
</testng-results>
