<?xml version="1.0" encoding="UTF-8"?>
<testng-results ignored="0" total="4" passed="4" failed="0" skipped="0">
  <reporter-output>
  </reporter-output>
  <suite started-at="2026-04-18T15:22:26 IST" name="Default suite" finished-at="2026-04-18T15:22:51 IST" duration-ms="24904">
    <groups>
    </groups>
    <test started-at="2026-04-18T15:22:26 IST" name="Default test" finished-at="2026-04-18T15:22:51 IST" duration-ms="24904">
      <class name="com.srm.hackathon.demoblaze.tests.AuthTest">
        <test-method is-config="true" signature="setUp()[pri:0, instance:com.srm.hackathon.demoblaze.tests.AuthTest@6c6cb480]" started-at="2026-04-18T15:22:26 IST" name="setUp" finished-at="2026-04-18T15:22:29 IST" duration-ms="3677" status="PASS">
          <reporter-output>
          </reporter-output>
        </test-method> <!-- setUp -->
        <test-method signature="verifyUserRegistration()[pri:1, instance:com.srm.hackathon.demoblaze.tests.AuthTest@6c6cb480]" started-at="2026-04-18T15:22:29 IST" name="verifyUserRegistration" description="Verify successful user registration" finished-at="2026-04-18T15:22:32 IST" duration-ms="2558" status="PASS">
          <reporter-output>
          </reporter-output>
        </test-method> <!-- verifyUserRegistration -->
        <test-method is-config="true" signature="tearDown()[pri:0, instance:com.srm.hackathon.demoblaze.tests.AuthTest@6c6cb480]" started-at="2026-04-18T15:22:32 IST" name="tearDown" finished-at="2026-04-18T15:22:32 IST" duration-ms="245" status="PASS">
          <reporter-output>
          </reporter-output>
        </test-method> <!-- tearDown -->
        <test-method is-config="true" signature="setUp()[pri:0, instance:com.srm.hackathon.demoblaze.tests.AuthTest@6c6cb480]" started-at="2026-04-18T15:22:32 IST" name="setUp" finished-at="2026-04-18T15:22:35 IST" duration-ms="2437" status="PASS">
          <reporter-output>
          </reporter-output>
        </test-method> <!-- setUp -->
        <test-method signature="verifySuccessfulLogin()[pri:2, instance:com.srm.hackathon.demoblaze.tests.AuthTest@6c6cb480]" started-at="2026-04-18T15:22:35 IST" name="verifySuccessfulLogin" description="Verify successful login" finished-at="2026-04-18T15:22:39 IST" duration-ms="3961" status="PASS">
          <reporter-output>
          </reporter-output>
        </test-method> <!-- verifySuccessfulLogin -->
        <test-method is-config="true" signature="tearDown()[pri:0, instance:com.srm.hackathon.demoblaze.tests.AuthTest@6c6cb480]" started-at="2026-04-18T15:22:39 IST" name="tearDown" finished-at="2026-04-18T15:22:39 IST" duration-ms="257" status="PASS">
          <reporter-output>
          </reporter-output>
        </test-method> <!-- tearDown -->
        <test-method is-config="true" signature="setUp()[pri:0, instance:com.srm.hackathon.demoblaze.tests.AuthTest@6c6cb480]" started-at="2026-04-18T15:22:39 IST" name="setUp" finished-at="2026-04-18T15:22:41 IST" duration-ms="2193" status="PASS">
          <reporter-output>
          </reporter-output>
        </test-method> <!-- setUp -->
        <test-method signature="verifyLoginFailure()[pri:3, instance:com.srm.hackathon.demoblaze.tests.AuthTest@6c6cb480]" started-at="2026-04-18T15:22:41 IST" name="verifyLoginFailure" description="Verify login failure with invalid credentials" finished-at="2026-04-18T15:22:43 IST" duration-ms="2118" status="PASS">
          <reporter-output>
          </reporter-output>
        </test-method> <!-- verifyLoginFailure -->
        <test-method is-config="true" signature="tearDown()[pri:0, instance:com.srm.hackathon.demoblaze.tests.AuthTest@6c6cb480]" started-at="2026-04-18T15:22:43 IST" name="tearDown" finished-at="2026-04-18T15:22:43 IST" duration-ms="240" status="PASS">
          <reporter-output>
          </reporter-output>
        </test-method> <!-- tearDown -->
        <test-method is-config="true" signature="setUp()[pri:0, instance:com.srm.hackathon.demoblaze.tests.AuthTest@6c6cb480]" started-at="2026-04-18T15:22:43 IST" name="setUp" finished-at="2026-04-18T15:22:46 IST" duration-ms="2320" status="PASS">
          <reporter-output>
          </reporter-output>
        </test-method> <!-- setUp -->
        <test-method signature="verifyLogout()[pri:4, instance:com.srm.hackathon.demoblaze.tests.AuthTest@6c6cb480]" started-at="2026-04-18T15:22:46 IST" name="verifyLogout" description="Verify logout functionality" finished-at="2026-04-18T15:22:50 IST" duration-ms="4575" status="PASS">
          <reporter-output>
          </reporter-output>
        </test-method> <!-- verifyLogout -->
        <test-method is-config="true" signature="tearDown()[pri:0, instance:com.srm.hackathon.demoblaze.tests.AuthTest@6c6cb480]" started-at="2026-04-18T15:22:50 IST" name="tearDown" finished-at="2026-04-18T15:22:51 IST" duration-ms="248" status="PASS">
          <reporter-output>
          </reporter-output>
        </test-method> <!-- tearDown -->
      </class> <!-- com.srm.hackathon.demoblaze.tests.AuthTest -->
    </test> <!-- Default test -->
  </suite> <!-- Default suite -->
</testng-results>
