<?xml version="1.0" encoding="UTF-8"?>
<!-- Generated by org.testng.reporters.JUnitReportReporter -->
<testsuite hostname="Mickey" failures="0" tests="4" name="com.srm.hackathon.demoblaze.tests.AuthTest" time="25.628" errors="0" timestamp="2026-04-18T21:04:15 IST" skipped="0">
  <testcase classname="com.srm.hackathon.demoblaze.tests.AuthTest" name="verifyUserRegistration" time="7.792"/>
  <testcase classname="com.srm.hackathon.demoblaze.tests.AuthTest" name="verifySuccessfulLogin" time="5.673"/>
  <testcase classname="com.srm.hackathon.demoblaze.tests.AuthTest" name="verifyLoginFailure" time="4.701"/>
  <testcase classname="com.srm.hackathon.demoblaze.tests.AuthTest" name="verifyLogout" time="7.462"/>
</testsuite> <!-- com.srm.hackathon.demoblaze.tests.AuthTest -->
