<?xml version="1.0" encoding="UTF-8"?>
<!-- Generated by org.testng.reporters.JUnitReportReporter -->
<testsuite hostname="Mickey" failures="0" tests="4" name="com.srm.hackathon.demoblaze.tests.AuthTest" time="29.347" errors="0" timestamp="2026-04-18T15:03:25 IST" skipped="0">
  <testcase classname="com.srm.hackathon.demoblaze.tests.AuthTest" name="verifyUserRegistration" time="6.899"/>
  <testcase classname="com.srm.hackathon.demoblaze.tests.AuthTest" name="verifySuccessfulLogin" time="8.442"/>
  <testcase classname="com.srm.hackathon.demoblaze.tests.AuthTest" name="verifyLoginFailure" time="7.041"/>
  <testcase classname="com.srm.hackathon.demoblaze.tests.AuthTest" name="verifyLogout" time="6.965"/>
</testsuite> <!-- com.srm.hackathon.demoblaze.tests.AuthTest -->
