<?xml version="1.0" encoding="UTF-8"?>
<!-- Generated by org.testng.reporters.JUnitReportReporter -->
<testsuite hostname="Mickey" failures="0" tests="4" name="com.srm.hackathon.demoblaze.tests.CartTest" time="82.065" errors="0" timestamp="2026-04-18T20:14:27 IST" skipped="0">
  <testcase classname="com.srm.hackathon.demoblaze.tests.CartTest" name="verifyAddSingleProduct" time="17.619"/>
  <testcase classname="com.srm.hackathon.demoblaze.tests.CartTest" name="verifyAddTwoProducts" time="22.558"/>
  <testcase classname="com.srm.hackathon.demoblaze.tests.CartTest" name="verifyDeleteProduct" time="17.291"/>
  <testcase classname="com.srm.hackathon.demoblaze.tests.CartTest" name="verifyTotalAfterDeletion" time="24.597"/>
</testsuite> <!-- com.srm.hackathon.demoblaze.tests.CartTest -->
