<?xml version="1.0" encoding="UTF-8"?>
<!-- Generated by org.testng.reporters.JUnitReportReporter -->
<testsuite hostname="Mickey" failures="0" tests="3" name="com.srm.hackathon.demoblaze.tests.FormValidationTest" time="12.753" errors="0" timestamp="2026-04-18T21:04:15 IST" skipped="0">
  <testcase classname="com.srm.hackathon.demoblaze.tests.FormValidationTest" name="verifySignupWithExistingUser" time="6.161"/>
  <testcase classname="com.srm.hackathon.demoblaze.tests.FormValidationTest" name="verifyLoginWithEmptyUsername" time="3.203"/>
  <testcase classname="com.srm.hackathon.demoblaze.tests.FormValidationTest" name="verifyModalRetainsData" time="3.389"/>
</testsuite> <!-- com.srm.hackathon.demoblaze.tests.FormValidationTest -->
