<?xml version="1.0" encoding="UTF-8"?>
<!-- Generated by org.testng.reporters.JUnitReportReporter -->
<testsuite hostname="Mickey" failures="0" tests="3" name="com.srm.hackathon.demoblaze.tests.OrderTest" time="51.620" errors="0" timestamp="2026-04-18T20:50:14 IST" skipped="0">
  <testcase classname="com.srm.hackathon.demoblaze.tests.OrderTest" name="verifyPlaceOrderSuccess" time="16.559"/>
  <testcase classname="com.srm.hackathon.demoblaze.tests.OrderTest" name="verifyOrderIdPresent" time="17.910"/>
  <testcase classname="com.srm.hackathon.demoblaze.tests.OrderTest" name="verifyEmptyFieldsValidation" time="17.151"/>
</testsuite> <!-- com.srm.hackathon.demoblaze.tests.OrderTest -->
