<?xml version="1.0" encoding="UTF-8"?>
<!-- Generated by org.testng.reporters.JUnitReportReporter -->
<testsuite hostname="Mickey" failures="0" tests="4" name="com.srm.hackathon.demoblaze.tests.ProductTest" time="32.080" errors="0" timestamp="2026-04-18T15:15:44 IST" skipped="0">
  <testcase classname="com.srm.hackathon.demoblaze.tests.ProductTest" name="verifyLaptopsCategory" time="6.838"/>
  <testcase classname="com.srm.hackathon.demoblaze.tests.ProductTest" name="verifyHomeReload" time="7.749"/>
  <testcase classname="com.srm.hackathon.demoblaze.tests.ProductTest" name="verifyPhonesCategory" time="6.998"/>
  <testcase classname="com.srm.hackathon.demoblaze.tests.ProductTest" name="verifyProductDetails" time="10.495"/>
</testsuite> <!-- com.srm.hackathon.demoblaze.tests.ProductTest -->
