<?xml version="1.0" encoding="UTF-8"?>
<!-- Generated by org.testng.reporters.JUnitReportReporter -->
<testsuite hostname="Mickey" failures="0" tests="4" name="com.srm.hackathon.demoblaze.tests.CartTest" time="71.231" errors="0" timestamp="2026-04-18T21:04:15 IST" skipped="0">
  <testcase classname="com.srm.hackathon.demoblaze.tests.CartTest" name="verifyAddSingleProduct" time="15.911"/>
  <testcase classname="com.srm.hackathon.demoblaze.tests.CartTest" name="verifyAddTwoProducts" time="21.406"/>
  <testcase classname="com.srm.hackathon.demoblaze.tests.CartTest" name="verifyDeleteProduct" time="14.636"/>
  <testcase classname="com.srm.hackathon.demoblaze.tests.CartTest" name="verifyTotalAfterDeletion" time="19.278"/>
</testsuite> <!-- com.srm.hackathon.demoblaze.tests.CartTest -->
