<?xml version="1.0" encoding="UTF-8"?>
<!-- Generated by org.testng.reporters.JUnitReportReporter -->
<testsuite hostname="Mickey" failures="0" tests="4" name="com.srm.hackathon.demoblaze.tests.ProductTest" time="31.133" errors="0" timestamp="2026-04-18T15:03:25 IST" skipped="0">
  <testcase classname="com.srm.hackathon.demoblaze.tests.ProductTest" name="verifyPhonesCategory" time="6.407"/>
  <testcase classname="com.srm.hackathon.demoblaze.tests.ProductTest" name="verifyProductDetails" time="9.898"/>
  <testcase classname="com.srm.hackathon.demoblaze.tests.ProductTest" name="verifyHomeReload" time="7.626"/>
  <testcase classname="com.srm.hackathon.demoblaze.tests.ProductTest" name="verifyLaptopsCategory" time="7.202"/>
</testsuite> <!-- com.srm.hackathon.demoblaze.tests.ProductTest -->
